<?xml version="1.0" encoding="UTF-8"?>
<Site BuildName="Linux-c++"
	BuildStamp="20250211-1236-Experimental"
	Name="wjr"
	Generator="ctest-3.22.1"
	CompilerName="/usr/bin/c++"
	CompilerVersion="11.4.0"
	OSName="Linux"
	Hostname="wjr"
	OSRelease="6.8.0-49-generic"
	OSVersion="#49~22.04.1-Ubuntu SMP PREEMPT_DYNAMIC Wed Nov  6 17:42:15 UTC 2"
	OSPlatform="x86_64"
	Is64Bits="1"
	VendorString="GenuineIntel"
	VendorID="Intel Corporation"
	FamilyID="6"
	ModelID="183"
	ProcessorCacheSize="36864"
	NumberOfLogicalCPU="32"
	NumberOfPhysicalCPU="24"
	TotalVirtualMemory="0"
	TotalPhysicalMemory="31812"
	LogicalProcessorsPerPhysical="1"
	ProcessorClockFrequency="3661.73"
	>
	<Testing>
		<StartDateTime>Feb 11 20:40 CST</StartDateTime>
		<StartTestTime>1739277648</StartTestTime>
		<TestList/>
		<EndDateTime>Feb 11 20:40 CST</EndDateTime>
		<EndTestTime>1739277648</EndTestTime>
		<ElapsedMinutes>0</ElapsedMinutes>
	</Testing>
</Site>
